0 info it worked if it ends with ok
1 verbose cli [ 'C:\\Program Files\\nodejs\\node.exe',
1 verbose cli   'C:\\Program Files\\nodejs\\node_modules\\npm\\bin\\npm-cli.js',
1 verbose cli   'install',
1 verbose cli   '-g',
1 verbose cli   'ios-sim' ]
2 info using npm@2.14.7
3 info using node@v4.2.1
4 verbose install initial load of C:\Users\Danesh\AppData\Roaming\npm\package.json
5 verbose readDependencies loading dependencies from C:\Users\Danesh\AppData\Roaming\npm\package.json
6 silly cache add args [ 'ios-sim', null ]
7 verbose cache add spec ios-sim
8 silly cache add parsed spec Result {
8 silly cache add   raw: 'ios-sim',
8 silly cache add   scope: null,
8 silly cache add   name: 'ios-sim',
8 silly cache add   rawSpec: '',
8 silly cache add   spec: '*',
8 silly cache add   type: 'range' }
9 silly addNamed ios-sim@*
10 verbose addNamed "*" is a valid semver range for ios-sim
11 silly addNameRange { name: 'ios-sim', range: '*', hasData: false }
12 silly mapToRegistry name ios-sim
13 silly mapToRegistry using default registry
14 silly mapToRegistry registry https://registry.npmjs.org/
15 silly mapToRegistry uri https://registry.npmjs.org/ios-sim
16 verbose addNameRange registry:https://registry.npmjs.org/ios-sim not in flight; fetching
17 verbose request uri https://registry.npmjs.org/ios-sim
18 verbose request no auth needed
19 info attempt registry request try #1 at 11:04:02 AM
20 verbose request id a1105d411c871aa5
21 http request GET https://registry.npmjs.org/ios-sim
22 http 200 https://registry.npmjs.org/ios-sim
23 verbose headers { server: 'CouchDB/1.5.0 (Erlang OTP/R16B03)',
23 verbose headers   etag: '"7HWV6SP011Y19FMXDY2LORDTJ"',
23 verbose headers   'content-type': 'application/json',
23 verbose headers   'cache-control': 'max-age=60',
23 verbose headers   'content-length': '22739',
23 verbose headers   'accept-ranges': 'bytes',
23 verbose headers   date: 'Sun, 25 Oct 2015 11:04:00 GMT',
23 verbose headers   via: '1.1 varnish',
23 verbose headers   age: '0',
23 verbose headers   connection: 'keep-alive',
23 verbose headers   'x-served-by': 'cache-lhr6323-LHR',
23 verbose headers   'x-cache': 'MISS',
23 verbose headers   'x-cache-hits': '0',
23 verbose headers   'x-timer': 'S1445771039.361153,VS0,VE649',
23 verbose headers   vary: 'Accept' }
24 silly get cb [ 200,
24 silly get   { server: 'CouchDB/1.5.0 (Erlang OTP/R16B03)',
24 silly get     etag: '"7HWV6SP011Y19FMXDY2LORDTJ"',
24 silly get     'content-type': 'application/json',
24 silly get     'cache-control': 'max-age=60',
24 silly get     'content-length': '22739',
24 silly get     'accept-ranges': 'bytes',
24 silly get     date: 'Sun, 25 Oct 2015 11:04:00 GMT',
24 silly get     via: '1.1 varnish',
24 silly get     age: '0',
24 silly get     connection: 'keep-alive',
24 silly get     'x-served-by': 'cache-lhr6323-LHR',
24 silly get     'x-cache': 'MISS',
24 silly get     'x-cache-hits': '0',
24 silly get     'x-timer': 'S1445771039.361153,VS0,VE649',
24 silly get     vary: 'Accept' } ]
25 verbose get saving ios-sim to C:\Users\Danesh\AppData\Roaming\npm-cache\registry.npmjs.org\ios-sim\.cache.json
26 silly addNameRange number 2 { name: 'ios-sim', range: '*', hasData: true }
27 silly addNameRange versions [ 'ios-sim',
27 silly addNameRange   [ '1.8.0',
27 silly addNameRange     '1.8.1',
27 silly addNameRange     '1.8.2',
27 silly addNameRange     '1.9.0',
27 silly addNameRange     '2.0.0',
27 silly addNameRange     '2.0.1',
27 silly addNameRange     '3.0.0',
27 silly addNameRange     '3.1.0',
27 silly addNameRange     '3.1.1',
27 silly addNameRange     '4.1.0',
27 silly addNameRange     '4.1.1',
27 silly addNameRange     '3.2.0',
27 silly addNameRange     '5.0.0',
27 silly addNameRange     '5.0.1',
27 silly addNameRange     '5.0.2',
27 silly addNameRange     '5.0.3' ] ]
28 silly addNamed ios-sim@5.0.3
29 verbose addNamed "5.0.3" is a plain semver version for ios-sim
30 silly mapToRegistry name ios-sim
31 silly mapToRegistry using default registry
32 silly mapToRegistry registry https://registry.npmjs.org/
33 silly mapToRegistry uri https://registry.npmjs.org/ios-sim
34 verbose addRemoteTarball https://registry.npmjs.org/ios-sim/-/ios-sim-5.0.3.tgz not in flight; adding
35 verbose addRemoteTarball [ 'https://registry.npmjs.org/ios-sim/-/ios-sim-5.0.3.tgz',
35 verbose addRemoteTarball   '152c724258f22e13cbfa9b67d55a5300e9920af1' ]
36 info retry fetch attempt 1 at 11:04:02 AM
37 info attempt registry request try #1 at 11:04:02 AM
38 http fetch GET https://registry.npmjs.org/ios-sim/-/ios-sim-5.0.3.tgz
39 http fetch 200 https://registry.npmjs.org/ios-sim/-/ios-sim-5.0.3.tgz
40 silly fetchAndShaCheck shasum 152c724258f22e13cbfa9b67d55a5300e9920af1
41 verbose addTmpTarball C:\Users\Danesh\AppData\Local\Temp\npm-3544-e7a92957\registry.npmjs.org\ios-sim\-\ios-sim-5.0.3.tgz not in flight; adding
42 verbose addTmpTarball already have metadata; skipping unpack for ios-sim@5.0.3
43 silly cache afterAdd ios-sim@5.0.3
44 verbose afterAdd C:\Users\Danesh\AppData\Roaming\npm-cache\ios-sim\5.0.3\package\package.json not in flight; writing
45 verbose afterAdd C:\Users\Danesh\AppData\Roaming\npm-cache\ios-sim\5.0.3\package\package.json written
46 silly install resolved [ { name: 'ios-sim',
46 silly install resolved     version: '5.0.3',
46 silly install resolved     os: [ 'darwin' ],
46 silly install resolved     preferGlobal: 'true',
46 silly install resolved     description: 'launch iOS apps into the iOS Simulator from the command line (Xcode 6.0+)',
46 silly install resolved     main: 'ios-sim.js',
46 silly install resolved     repository:
46 silly install resolved      { type: 'git',
46 silly install resolved        url: 'git+https://github.com/phonegap/ios-sim.git' },
46 silly install resolved     engines: { node: '>=0.10.0' },
46 silly install resolved     keywords: [ 'ios-sim', 'iOS Simulator' ],
46 silly install resolved     bin: { 'ios-sim': './bin/ios-sim' },
46 silly install resolved     bugs: { url: 'https://github.com/phonegap/ios-sim/issues' },
46 silly install resolved     author: { name: 'Shazron Abdullah' },
46 silly install resolved     license: 'MIT',
46 silly install resolved     dependencies: { simctl: '^0.0.6', nopt: '1.0.9', 'bplist-parser': '^0.0.6' },
46 silly install resolved     gitHead: 'd0dd865bd9b35b0d324ab37dc93126735a309ffb',
46 silly install resolved     homepage: 'https://github.com/phonegap/ios-sim#readme',
46 silly install resolved     _id: 'ios-sim@5.0.3',
46 silly install resolved     scripts: {},
46 silly install resolved     _shasum: '152c724258f22e13cbfa9b67d55a5300e9920af1',
46 silly install resolved     _from: 'ios-sim@*',
46 silly install resolved     _npmVersion: '2.11.3',
46 silly install resolved     _nodeVersion: '0.12.7',
46 silly install resolved     _npmUser: { name: 'shazron', email: 'shazron@gmail.com' },
46 silly install resolved     maintainers: [ [Object], [Object], [Object], [Object] ],
46 silly install resolved     dist:
46 silly install resolved      { shasum: '152c724258f22e13cbfa9b67d55a5300e9920af1',
46 silly install resolved        tarball: 'http://registry.npmjs.org/ios-sim/-/ios-sim-5.0.3.tgz' },
46 silly install resolved     directories: {},
46 silly install resolved     _resolved: 'https://registry.npmjs.org/ios-sim/-/ios-sim-5.0.3.tgz' } ]
47 info install ios-sim@5.0.3 into C:\Users\Danesh\AppData\Roaming\npm
48 info installOne ios-sim@5.0.3
49 verbose installOne of ios-sim to C:\Users\Danesh\AppData\Roaming\npm not in flight; installing
50 verbose lock using C:\Users\Danesh\AppData\Roaming\npm-cache\_locks\ios-sim-85e9e7dde9cd4036.lock for C:\Users\Danesh\AppData\Roaming\npm\node_modules\ios-sim
51 verbose unlock done using C:\Users\Danesh\AppData\Roaming\npm-cache\_locks\ios-sim-85e9e7dde9cd4036.lock for C:\Users\Danesh\AppData\Roaming\npm\node_modules\ios-sim
52 verbose stack Error: Unsupported
52 verbose stack     at checkPlatform (C:\Program Files\nodejs\node_modules\npm\node_modules\npm-install-checks\index.js:47:14)
52 verbose stack     at Array.<anonymous> (C:\Program Files\nodejs\node_modules\npm\node_modules\slide\lib\bind-actor.js:15:8)
52 verbose stack     at LOOP (C:\Program Files\nodejs\node_modules\npm\node_modules\slide\lib\chain.js:15:14)
52 verbose stack     at C:\Program Files\nodejs\node_modules\npm\node_modules\slide\lib\chain.js:18:7
52 verbose stack     at checkEngine (C:\Program Files\nodejs\node_modules\npm\node_modules\npm-install-checks\index.js:26:10)
52 verbose stack     at Array.<anonymous> (C:\Program Files\nodejs\node_modules\npm\node_modules\slide\lib\bind-actor.js:15:8)
52 verbose stack     at LOOP (C:\Program Files\nodejs\node_modules\npm\node_modules\slide\lib\chain.js:15:14)
52 verbose stack     at chain (C:\Program Files\nodejs\node_modules\npm\node_modules\slide\lib\chain.js:20:5)
52 verbose stack     at C:\Program Files\nodejs\node_modules\npm\lib\install.js:1038:5
52 verbose stack     at C:\Program Files\nodejs\node_modules\npm\lib\utils\locker.js:39:7
53 verbose pkgid ios-sim@5.0.3
54 verbose cwd E:\Coo\coo-app\app\public\Coo
55 error Windows_NT 6.3.9600
56 error argv "C:\\Program Files\\nodejs\\node.exe" "C:\\Program Files\\nodejs\\node_modules\\npm\\bin\\npm-cli.js" "install" "-g" "ios-sim"
57 error node v4.2.1
58 error npm  v2.14.7
59 error code EBADPLATFORM
60 error notsup Unsupported
60 error notsup Not compatible with your operating system or architecture: ios-sim@5.0.3
60 error notsup Valid OS:    darwin
60 error notsup Valid Arch:  any
60 error notsup Actual OS:   win32
60 error notsup Actual Arch: x64
61 verbose exit [ 1, true ]
